2020-11-24 20:47:51.089  INFO 7740 --- [main] com.wsq.store.StoreApplication           : Starting StoreApplication on ZBTS1906-00238 with PID 7740 (E:\project\store\target\classes started by Administrator in E:\project\store)
2020-11-24 20:47:51.239  INFO 7740 --- [main] com.wsq.store.StoreApplication           : The following profiles are active: dev
2020-11-24 20:47:51.376  INFO 7740 --- [main] ConfigServletWebServerApplicationContext : Refreshing org.springframework.boot.web.servlet.context.AnnotationConfigServletWebServerApplicationContext@23202fce: startup date [Tue Nov 24 20:47:51 CST 2020]; root of context hierarchy
2020-11-24 20:47:52.571  INFO 7740 --- [main] .s.d.r.c.RepositoryConfigurationDelegate : Multiple Spring Data modules found, entering strict repository configuration mode!
2020-11-24 20:47:53.154  INFO 7740 --- [main] trationDelegate$BeanPostProcessorChecker : Bean 'org.springframework.transaction.annotation.ProxyTransactionManagementConfiguration' of type [org.springframework.transaction.annotation.ProxyTransactionManagementConfiguration$$EnhancerBySpringCGLIB$$63fafc59] is not eligible for getting processed by all BeanPostProcessors (for example: not eligible for auto-proxying)
2020-11-24 20:47:53.537  INFO 7740 --- [main] o.s.b.w.embedded.tomcat.TomcatWebServer  : Tomcat initialized with port(s): 8090 (http)
2020-11-24 20:47:53.553  INFO 7740 --- [main] o.apache.catalina.core.StandardService   : Starting service [Tomcat]
2020-11-24 20:47:53.554  INFO 7740 --- [main] org.apache.catalina.core.StandardEngine  : Starting Servlet Engine: Apache Tomcat/8.5.28
2020-11-24 20:47:53.572  INFO 7740 --- [localhost-startStop-1] o.a.catalina.core.AprLifecycleListener   : The APR based Apache Tomcat Native library which allows optimal performance in production environments was not found on the java.library.path: [F:\Java\bin;C:\Windows\Sun\Java\bin;C:\Windows\system32;C:\Windows;C:\Program Files\Kingdee\SmartDepServer;E:\SmartDepServer;C:\Windows\system32;C:\Windows;C:\Windows\System32\Wbem;C:\Windows\System32\WindowsPowerShell\v1.0\;C:\Windows\System32\OpenSSH\;F:\Java\bin;F:\Pandoc\;C:\Program Files (x86)\Common Files\Oracle\Java\javapath;F:\apache-maven-3.5.4\bin;F:\nodejs\;E:\VisualSVN\VisualSVN Server\bin;E:\TortoiseSvn\bin;E:\git\Git\cmd;E:\putty\;F:\vscode\Microsoft VS Code\bin;C:\Users\Administrator\AppData\Roaming\npm;E:\Fiddler;F:\mysql8.0\mysql-8.0.21-winx64\bin;;.]
2020-11-24 20:47:53.694  INFO 7740 --- [localhost-startStop-1] o.a.c.c.C.[Tomcat].[localhost].[/]       : Initializing Spring embedded WebApplicationContext
2020-11-24 20:47:53.694  INFO 7740 --- [localhost-startStop-1] o.s.web.context.ContextLoader            : Root WebApplicationContext: initialization completed in 2318 ms
2020-11-24 20:47:53.836  INFO 7740 --- [localhost-startStop-1] o.s.b.w.servlet.ServletRegistrationBean  : Servlet dispatcherServlet mapped to [/]
2020-11-24 20:47:53.839  INFO 7740 --- [localhost-startStop-1] o.s.b.w.servlet.FilterRegistrationBean   : Mapping filter: 'characterEncodingFilter' to: [/*]
2020-11-24 20:47:53.840  INFO 7740 --- [localhost-startStop-1] o.s.b.w.servlet.FilterRegistrationBean   : Mapping filter: 'hiddenHttpMethodFilter' to: [/*]
2020-11-24 20:47:53.840  INFO 7740 --- [localhost-startStop-1] o.s.b.w.servlet.FilterRegistrationBean   : Mapping filter: 'httpPutFormContentFilter' to: [/*]
2020-11-24 20:47:53.840  INFO 7740 --- [localhost-startStop-1] o.s.b.w.servlet.FilterRegistrationBean   : Mapping filter: 'requestContextFilter' to: [/*]
2020-11-24 20:47:54.879  INFO 7740 --- [main] s.w.s.m.m.a.RequestMappingHandlerAdapter : Looking for @ControllerAdvice: org.springframework.boot.web.servlet.context.AnnotationConfigServletWebServerApplicationContext@23202fce: startup date [Tue Nov 24 20:47:51 CST 2020]; root of context hierarchy
2020-11-24 20:47:54.948  INFO 7740 --- [main] s.w.s.m.m.a.RequestMappingHandlerMapping : Mapped "{[/logins],methods=[GET]}" onto public com.wsq.store.common.domain.base.ResponseResult<?> com.wsq.store.web.controller.LoginController.userLogin(javax.servlet.http.HttpServletRequest,javax.servlet.http.HttpServletResponse)
2020-11-24 20:47:54.949  INFO 7740 --- [main] s.w.s.m.m.a.RequestMappingHandlerMapping : Mapped "{[/home],methods=[GET]}" onto public org.springframework.web.servlet.ModelAndView com.wsq.store.web.controller.ModelAndViewController.home(org.springframework.web.servlet.ModelAndView)
2020-11-24 20:47:54.949  INFO 7740 --- [main] s.w.s.m.m.a.RequestMappingHandlerMapping : Mapped "{[/login],methods=[GET]}" onto public org.springframework.web.servlet.ModelAndView com.wsq.store.web.controller.ModelAndViewController.login(org.springframework.web.servlet.ModelAndView)
2020-11-24 20:47:54.951  INFO 7740 --- [main] s.w.s.m.m.a.RequestMappingHandlerMapping : Mapped "{[/downloadFile],methods=[GET],produces=[application/json;charset=UTF-8]}" onto public void com.wsq.store.web.controller.ResourceController.downloadFile(javax.servlet.http.HttpServletRequest,javax.servlet.http.HttpServletResponse)
2020-11-24 20:47:54.951  INFO 7740 --- [main] s.w.s.m.m.a.RequestMappingHandlerMapping : Mapped "{[/fileUpload],methods=[POST]}" onto public com.wsq.store.common.domain.base.ResponseResult<?> com.wsq.store.web.controller.ResourceController.fileUpload(org.springframework.web.multipart.MultipartFile,javax.servlet.http.HttpServletRequest)
2020-11-24 20:47:54.953  INFO 7740 --- [main] s.w.s.m.m.a.RequestMappingHandlerMapping : Mapped "{[/error]}" onto public org.springframework.http.ResponseEntity<java.util.Map<java.lang.String, java.lang.Object>> org.springframework.boot.autoconfigure.web.servlet.error.BasicErrorController.error(javax.servlet.http.HttpServletRequest)
2020-11-24 20:47:54.953  INFO 7740 --- [main] s.w.s.m.m.a.RequestMappingHandlerMapping : Mapped "{[/error],produces=[text/html]}" onto public org.springframework.web.servlet.ModelAndView org.springframework.boot.autoconfigure.web.servlet.error.BasicErrorController.errorHtml(javax.servlet.http.HttpServletRequest,javax.servlet.http.HttpServletResponse)
2020-11-24 20:47:54.988  INFO 7740 --- [main] o.s.w.s.handler.SimpleUrlHandlerMapping  : Mapped URL path [/webjars/**] onto handler of type [class org.springframework.web.servlet.resource.ResourceHttpRequestHandler]
2020-11-24 20:47:54.988  INFO 7740 --- [main] o.s.w.s.handler.SimpleUrlHandlerMapping  : Mapped URL path [/**] onto handler of type [class org.springframework.web.servlet.resource.ResourceHttpRequestHandler]
2020-11-24 20:47:55.004  INFO 7740 --- [main] .m.m.a.ExceptionHandlerExceptionResolver : Detected @ExceptionHandler methods in globalExceptionHandler
2020-11-24 20:47:55.026  INFO 7740 --- [main] o.s.w.s.handler.SimpleUrlHandlerMapping  : Mapped URL path [/**/favicon.ico] onto handler of type [class org.springframework.web.servlet.resource.ResourceHttpRequestHandler]
2020-11-24 20:47:55.067  WARN 7740 --- [main] org.thymeleaf.templatemode.TemplateMode  : [THYMELEAF][main] Template Mode 'HTML5' is deprecated. Using Template Mode 'HTML' instead.
2020-11-24 20:47:55.510  INFO 7740 --- [main] o.s.j.e.a.AnnotationMBeanExporter        : Registering beans for JMX exposure on startup
2020-11-24 20:47:55.511  INFO 7740 --- [main] o.s.j.e.a.AnnotationMBeanExporter        : Bean with name 'dataSource' has been autodetected for JMX exposure
2020-11-24 20:47:55.516  INFO 7740 --- [main] o.s.j.e.a.AnnotationMBeanExporter        : Located MBean 'dataSource': registering with JMX server as MBean [com.zaxxer.hikari:name=dataSource,type=HikariDataSource]
2020-11-24 20:47:55.560  INFO 7740 --- [main] o.s.b.w.embedded.tomcat.TomcatWebServer  : Tomcat started on port(s): 8090 (http) with context path ''
2020-11-24 20:47:55.562  INFO 7740 --- [main] com.wsq.store.StoreApplication           : Started StoreApplication in 6.574 seconds (JVM running for 8.267)
2020-11-24 20:48:09.369  INFO 7740 --- [http-nio-8090-exec-1] o.a.c.c.C.[Tomcat].[localhost].[/]       : Initializing Spring FrameworkServlet 'dispatcherServlet'
2020-11-24 20:48:09.370  INFO 7740 --- [http-nio-8090-exec-1] o.s.web.servlet.DispatcherServlet        : FrameworkServlet 'dispatcherServlet': initialization started
2020-11-24 20:48:09.400  INFO 7740 --- [http-nio-8090-exec-1] o.s.web.servlet.DispatcherServlet        : FrameworkServlet 'dispatcherServlet': initialization completed in 30 ms
